<?xml version="1.0" encoding="UTF-8"?>
<!-- Generated by org.testng.reporters.JUnitXMLReporter -->
<testsuite ignored="0" hostname="Arun" failures="1" tests="1" name="Test" time="10.29" errors="0" timestamp="2024-11-26T10:11:55 IST">
  <testcase classname="testCases.TC007_RemovingCartTest" name="ShoppingCartTest" time="5.422">
    <failure type="java.lang.AssertionError" message="expected [true] but found [false]">
      <![CDATA[java.lang.AssertionError: expected [true] but found [false]
at testCases.TC007_RemovingCartTest.ShoppingCartTest(TC007_RemovingCartTest.java:37)
at java.base/java.util.ArrayList.forEach(ArrayList.java:1596)
... Removed 29 stack frames]]>
    </failure>
  </testcase> <!-- ShoppingCartTest -->
</testsuite> <!-- Test -->
