<?xml version="1.0" encoding="UTF-8"?>
<!-- Generated by org.testng.reporters.JUnitXMLReporter -->
<testsuite ignored="0" hostname="Arun" failures="1" tests="8" name="ChromeTest" time="21.684" errors="0" timestamp="2024-11-26T13:54:51 IST">
  <testcase classname="testCases.TC_SanityE2E" name="HomePageTitleTest" time="0.015"/>
  <testcase classname="testCases.TC_SanityE2E" name="CurrencyDropdownTest" time="0.057"/>
  <testcase classname="testCases.TC_SanityE2E" name="AccountRegisterTest" time="2.813"/>
  <testcase classname="testCases.TC_SanityE2E" name="LoginTest" time="1.168"/>
  <testcase classname="testCases.TC_SanityE2E" name="SearchTest" time="0.69"/>
  <testcase classname="testCases.TC_SanityE2E" name="ProductDetailsPageNavigationTest" time="1.852"/>
  <testcase classname="testCases.TC_SanityE2E" name="AddToCartTest" time="2.129"/>
  <testcase classname="testCases.TC_SanityE2E" name="ShoppingCartTest" time="5.282">
    <failure type="java.lang.AssertionError" message="expected [true] but found [false]">
      <![CDATA[java.lang.AssertionError: expected [true] but found [false]
at testCases.TC_SanityE2E.ShoppingCartTest(TC_SanityE2E.java:229)
at java.base/java.util.ArrayList.forEach(ArrayList.java:1596)
at java.base/java.util.concurrent.FutureTask.run(FutureTask.java:317)
at java.base/java.util.concurrent.ThreadPoolExecutor.runWorker(ThreadPoolExecutor.java:1144)
at java.base/java.util.concurrent.ThreadPoolExecutor$Worker.run(ThreadPoolExecutor.java:642)
at java.base/java.lang.Thread.run(Thread.java:1583)
... Removed 19 stack frames]]>
    </failure>
  </testcase> <!-- ShoppingCartTest -->
</testsuite> <!-- ChromeTest -->
