<?xml version="1.0" encoding="UTF-8"?>
<!-- Generated by org.testng.reporters.JUnitReportReporter -->
<testsuite hostname="Arun" failures="1" tests="24" name="testCases.TC_SanityE2E" time="34.233" errors="0" timestamp="2024-11-26T13:55:10 IST" skipped="0">
  <testcase classname="testCases.TC_SanityE2E" name="HomePageTitleTest" time="0.008"/>
  <testcase classname="testCases.TC_SanityE2E" name="HomePageTitleTest" time="0.015"/>
  <testcase classname="testCases.TC_SanityE2E" name="HomePageTitleTest" time="0.007"/>
  <testcase classname="testCases.TC_SanityE2E" name="CurrencyDropdownTest" time="0.029"/>
  <testcase classname="testCases.TC_SanityE2E" name="CurrencyDropdownTest" time="0.057"/>
  <testcase classname="testCases.TC_SanityE2E" name="CurrencyDropdownTest" time="0.019"/>
  <testcase classname="testCases.TC_SanityE2E" name="AccountRegisterTest" time="3.003"/>
  <testcase classname="testCases.TC_SanityE2E" name="AccountRegisterTest" time="2.813"/>
  <testcase classname="testCases.TC_SanityE2E" name="AccountRegisterTest" time="3.728"/>
  <testcase classname="testCases.TC_SanityE2E" name="LoginTest" time="1.034"/>
  <testcase classname="testCases.TC_SanityE2E" name="LoginTest" time="1.168"/>
  <testcase classname="testCases.TC_SanityE2E" name="LoginTest" time="1.643"/>
  <testcase classname="testCases.TC_SanityE2E" name="SearchTest" time="0.602"/>
  <testcase classname="testCases.TC_SanityE2E" name="SearchTest" time="0.690"/>
  <testcase classname="testCases.TC_SanityE2E" name="SearchTest" time="0.530"/>
  <testcase classname="testCases.TC_SanityE2E" name="ProductDetailsPageNavigationTest" time="2.633"/>
  <testcase classname="testCases.TC_SanityE2E" name="ProductDetailsPageNavigationTest" time="1.852"/>
  <testcase classname="testCases.TC_SanityE2E" name="ProductDetailsPageNavigationTest" time="0.603"/>
  <testcase classname="testCases.TC_SanityE2E" name="AddToCartTest" time="2.083"/>
  <testcase classname="testCases.TC_SanityE2E" name="AddToCartTest" time="2.070"/>
  <testcase classname="testCases.TC_SanityE2E" name="AddToCartTest" time="2.129"/>
  <testcase classname="testCases.TC_SanityE2E" name="ShoppingCartTest" time="5.282">
    <failure message="expected [true] but found [false]" type="java.lang.AssertionError">
      <![CDATA[java.lang.AssertionError: expected [true] but found [false]
at org.testng.Assert.fail(Assert.java:111)
at org.testng.Assert.failNotEquals(Assert.java:1578)
at org.testng.Assert.assertTrue(Assert.java:57)
at org.testng.Assert.assertTrue(Assert.java:67)
at testCases.TC_SanityE2E.ShoppingCartTest(TC_SanityE2E.java:229)
at java.base/jdk.internal.reflect.DirectMethodHandleAccessor.invoke(DirectMethodHandleAccessor.java:103)
at java.base/java.lang.reflect.Method.invoke(Method.java:580)
at org.testng.internal.invokers.MethodInvocationHelper.invokeMethod(MethodInvocationHelper.java:141)
at org.testng.internal.invokers.TestInvoker.invokeMethod(TestInvoker.java:686)
at org.testng.internal.invokers.TestInvoker.invokeTestMethod(TestInvoker.java:230)
at org.testng.internal.invokers.MethodRunner.runInSequence(MethodRunner.java:63)
at org.testng.internal.invokers.TestInvoker$MethodInvocationAgent.invoke(TestInvoker.java:992)
at org.testng.internal.invokers.TestInvoker.invokeTestMethods(TestInvoker.java:203)
at org.testng.internal.invokers.TestMethodWorker.invokeTestMethods(TestMethodWorker.java:154)
at org.testng.internal.invokers.TestMethodWorker.run(TestMethodWorker.java:134)
at java.base/java.util.ArrayList.forEach(ArrayList.java:1596)
at org.testng.TestRunner.privateRun(TestRunner.java:739)
at org.testng.TestRunner.run(TestRunner.java:614)
at org.testng.SuiteRunner.runTest(SuiteRunner.java:421)
at org.testng.SuiteRunner$SuiteWorker.run(SuiteRunner.java:463)
at org.testng.internal.thread.ThreadUtil.lambda$execute$0(ThreadUtil.java:64)
at java.base/java.util.concurrent.FutureTask.run(FutureTask.java:317)
at java.base/java.util.concurrent.ThreadPoolExecutor.runWorker(ThreadPoolExecutor.java:1144)
at java.base/java.util.concurrent.ThreadPoolExecutor$Worker.run(ThreadPoolExecutor.java:642)
at java.base/java.lang.Thread.run(Thread.java:1583)
]]>
    </failure>
  </testcase> <!-- ShoppingCartTest -->
  <testcase classname="testCases.TC_SanityE2E" name="ShoppingCartTest" time="1.024"/>
  <testcase classname="testCases.TC_SanityE2E" name="ShoppingCartTest" time="1.211"/>
</testsuite> <!-- testCases.TC_SanityE2E -->
